2020-02-26 12:10:25,013 INFO o.a.j.u.JMeterUtils: Setting Locale to en_EN
2020-02-26 12:10:25,063 INFO o.a.j.JMeter: Loading user properties from: /usr/local/Cellar/jmeter/5.2.1/libexec/bin/user.properties
2020-02-26 12:10:25,065 INFO o.a.j.JMeter: Loading system properties from: /usr/local/Cellar/jmeter/5.2.1/libexec/bin/system.properties
2020-02-26 12:10:25,069 INFO o.a.j.JMeter: Copyright (c) 1998-2019 The Apache Software Foundation
2020-02-26 12:10:25,069 INFO o.a.j.JMeter: Version 5.2.1
2020-02-26 12:10:25,069 INFO o.a.j.JMeter: java.version=13.0.1
2020-02-26 12:10:25,069 INFO o.a.j.JMeter: java.vm.name=OpenJDK 64-Bit Server VM
2020-02-26 12:10:25,070 INFO o.a.j.JMeter: os.name=Mac OS X
2020-02-26 12:10:25,070 INFO o.a.j.JMeter: os.arch=x86_64
2020-02-26 12:10:25,070 INFO o.a.j.JMeter: os.version=10.15.3
2020-02-26 12:10:25,070 INFO o.a.j.JMeter: file.encoding=UTF-8
2020-02-26 12:10:25,070 INFO o.a.j.JMeter: java.awt.headless=null
2020-02-26 12:10:25,070 INFO o.a.j.JMeter: Max memory     =1073741824
2020-02-26 12:10:25,070 INFO o.a.j.JMeter: Available Processors =4
2020-02-26 12:10:25,087 INFO o.a.j.JMeter: Default Locale=English (EN)
2020-02-26 12:10:25,088 INFO o.a.j.JMeter: JMeter  Locale=English (EN)
2020-02-26 12:10:25,088 INFO o.a.j.JMeter: JMeterHome=/usr/local/Cellar/jmeter/5.2.1/libexec
2020-02-26 12:10:25,088 INFO o.a.j.JMeter: user.dir  =/Users/nrsjnet/Dev/Estudos/Intensivo Microservicos/Source/order
2020-02-26 12:10:25,088 INFO o.a.j.JMeter: PWD       =/Users/nrsjnet/Dev/Estudos/Intensivo Microservicos/Source/order
2020-02-26 12:10:25,101 INFO o.a.j.JMeter: IP: 192.168.43.174 Name: Air-de-Nelson FullName: air-de-nelson
2020-02-26 12:10:27,676 INFO o.a.j.g.a.LookAndFeelCommand: Installing Darcula LAF
2020-02-26 12:10:27,694 INFO o.a.j.g.a.LookAndFeelCommand: Using look and feel: com.bulenkov.darcula.DarculaLaf [Darcula]
2020-02-26 12:10:27,694 INFO o.a.j.JMeter: Setting LAF to: com.bulenkov.darcula.DarculaLaf
2020-02-26 12:10:27,934 INFO o.a.j.JMeter: Loaded icon properties from org/apache/jmeter/images/icon.properties
2020-02-26 12:10:29,443 INFO o.j.r.JARSourceHTTP: Found cached repo
2020-02-26 12:10:29,790 INFO o.j.r.PluginManager: Plugins Status: [jpgc-plugins-manager=1.3, jmeter-core=5.2.1, jmeter-ftp=5.2.1, jmeter-http=5.2.1, jmeter-jdbc=5.2.1, jmeter-jms=5.2.1, jmeter-junit=5.2.1, jmeter-java=5.2.1, jmeter-ldap=5.2.1, jmeter-mail=5.2.1, jmeter-mongodb=5.2.1, jmeter-native=5.2.1, jmeter-tcp=5.2.1, jmeter-components=5.2.1]
2020-02-26 12:10:32,681 INFO o.a.j.p.h.s.HTTPSamplerBase: Parser for text/html is org.apache.jmeter.protocol.http.parser.LagartoBasedHtmlParser
2020-02-26 12:10:32,684 INFO o.a.j.p.h.s.HTTPSamplerBase: Parser for application/xhtml+xml is org.apache.jmeter.protocol.http.parser.LagartoBasedHtmlParser
2020-02-26 12:10:32,684 INFO o.a.j.p.h.s.HTTPSamplerBase: Parser for application/xml is org.apache.jmeter.protocol.http.parser.LagartoBasedHtmlParser
2020-02-26 12:10:32,685 INFO o.a.j.p.h.s.HTTPSamplerBase: Parser for text/xml is org.apache.jmeter.protocol.http.parser.LagartoBasedHtmlParser
2020-02-26 12:10:32,685 INFO o.a.j.p.h.s.HTTPSamplerBase: Parser for text/vnd.wap.wml is org.apache.jmeter.protocol.http.parser.RegexpHTMLParser
2020-02-26 12:10:32,685 INFO o.a.j.p.h.s.HTTPSamplerBase: Parser for text/css is org.apache.jmeter.protocol.http.parser.CssParser
2020-02-26 12:10:33,290 INFO o.a.j.e.KeyToolUtils: keytool found at 'keytool'
2020-02-26 12:10:33,291 INFO o.a.j.p.h.p.ProxyControl: HTTP(S) Test Script Recorder SSL Proxy will use keys that support embedded 3rd party resources in file /usr/local/Cellar/jmeter/5.2.1/libexec/bin/proxyserver.jks
2020-02-26 12:10:33,586 INFO o.a.j.s.FileServer: Default base='/Users/nrsjnet/Dev/Estudos/Intensivo Microservicos/Source/order'
2020-02-26 12:10:34,322 INFO o.a.j.s.SampleResult: Note: Sample TimeStamps are START times
2020-02-26 12:10:34,322 INFO o.a.j.s.SampleResult: sampleresult.default.encoding is set to ISO-8859-1
2020-02-26 12:10:34,322 INFO o.a.j.s.SampleResult: sampleresult.useNanoTime=true
2020-02-26 12:10:34,323 INFO o.a.j.s.SampleResult: sampleresult.nanoThreadSleep=5000
2020-02-26 12:10:34,363 INFO o.a.j.v.ViewResultsFullVisualizer: Add JavaFX to your Java installation if you want to use renderer: org.apache.jmeter.visualizers.RenderInBrowser
2020-02-26 12:10:38,311 INFO o.a.j.g.a.Load: Loading file: /Users/nrsjnet/Dev/Estudos/Intensivo Microservicos/Teste Checkout.jmx
2020-02-26 12:10:38,312 INFO o.a.j.s.FileServer: Set new base='/Users/nrsjnet/Dev/Estudos/Intensivo Microservicos'
2020-02-26 12:10:38,531 INFO o.a.j.s.SaveService: Testplan (JMX) version: 2.2. Testlog (JTL) version: 2.2
2020-02-26 12:10:38,544 INFO o.a.j.s.SaveService: Using SaveService properties version 5.0
2020-02-26 12:10:38,546 INFO o.a.j.s.SaveService: Using SaveService properties file encoding UTF-8
2020-02-26 12:10:38,549 INFO o.a.j.s.SaveService: Loading file: /Users/nrsjnet/Dev/Estudos/Intensivo Microservicos/Teste Checkout.jmx
2020-02-26 12:10:39,123 INFO o.a.j.v.ViewResultsFullVisualizer: Add JavaFX to your Java installation if you want to use renderer: org.apache.jmeter.visualizers.RenderInBrowser
2020-02-26 12:10:39,178 INFO o.a.j.s.FileServer: Set new base='/Users/nrsjnet/Dev/Estudos/Intensivo Microservicos'
2020-02-26 12:10:46,702 INFO o.a.j.e.StandardJMeterEngine: Running the test!
2020-02-26 12:10:46,704 INFO o.a.j.s.SampleEvent: List of sample_variables: []
2020-02-26 12:10:46,704 INFO o.a.j.s.SampleEvent: List of sample_variables: []
2020-02-26 12:10:46,714 INFO o.a.j.e.u.CompoundVariable: Note: Function class names must contain the string: '.functions.'
2020-02-26 12:10:46,715 INFO o.a.j.e.u.CompoundVariable: Note: Function class names must not contain the string: '.gui.'
2020-02-26 12:10:47,330 INFO o.a.j.g.u.JMeterMenuBar: setRunning(true, *local*)
2020-02-26 12:10:47,442 INFO o.a.j.e.StandardJMeterEngine: Starting ThreadGroup: 1 : Submit Checkout
2020-02-26 12:10:47,443 INFO o.a.j.e.StandardJMeterEngine: Starting 50 threads for group Submit Checkout.
2020-02-26 12:10:47,443 INFO o.a.j.e.StandardJMeterEngine: Thread will continue on error
2020-02-26 12:10:47,444 INFO o.a.j.t.ThreadGroup: Starting thread group... number=1 threads=50 ramp-up=1 delayedStart=false
2020-02-26 12:10:47,473 INFO o.a.j.t.JMeterThread: Thread started: Submit Checkout 1-2
2020-02-26 12:10:47,478 INFO o.a.j.s.FileServer: Stored: /Users/nrsjnet/Dev/Estudos/Intensivo Microservicos/Jmeter/dados.csv
2020-02-26 12:10:47,485 INFO o.a.j.s.FileServer: Stored: /Users/nrsjnet/Dev/Estudos/Intensivo Microservicos/Jmeter/produtos.csv
2020-02-26 12:10:47,502 INFO o.a.j.p.h.s.HTTPHCAbstractImpl: Local host = Air-de-Nelson
2020-02-26 12:10:47,516 INFO o.a.j.p.h.s.HTTPHC4Impl: HTTP request retry count = 0
2020-02-26 12:10:47,527 INFO o.a.j.t.JMeterThread: Thread started: Submit Checkout 1-1
2020-02-26 12:10:47,548 INFO o.a.j.t.ThreadGroup: Started thread group number 1
2020-02-26 12:10:47,548 INFO o.a.j.e.StandardJMeterEngine: All thread groups have been started
2020-02-26 12:10:47,555 INFO o.a.j.t.JMeterThread: Thread started: Submit Checkout 1-3
2020-02-26 12:10:47,571 INFO o.a.j.t.JMeterThread: Thread started: Submit Checkout 1-4
2020-02-26 12:10:47,585 INFO o.a.j.t.JMeterThread: Thread started: Submit Checkout 1-5
2020-02-26 12:10:47,604 INFO o.a.j.t.JMeterThread: Thread started: Submit Checkout 1-6
2020-02-26 12:10:47,624 INFO o.a.j.t.JMeterThread: Thread started: Submit Checkout 1-7
2020-02-26 12:10:47,641 INFO o.a.j.t.JMeterThread: Thread started: Submit Checkout 1-8
2020-02-26 12:10:47,660 INFO o.a.j.t.JMeterThread: Thread started: Submit Checkout 1-9
2020-02-26 12:10:47,680 INFO o.a.j.t.JMeterThread: Thread started: Submit Checkout 1-11
2020-02-26 12:10:47,680 INFO o.a.j.t.JMeterThread: Thread started: Submit Checkout 1-10
2020-02-26 12:10:47,710 INFO o.a.j.t.JMeterThread: Thread started: Submit Checkout 1-12
2020-02-26 12:10:47,732 INFO o.a.j.t.JMeterThread: Thread started: Submit Checkout 1-13
2020-02-26 12:10:47,749 INFO o.a.j.t.JMeterThread: Thread started: Submit Checkout 1-14
2020-02-26 12:10:47,769 INFO o.a.j.t.JMeterThread: Thread started: Submit Checkout 1-15
2020-02-26 12:10:47,788 INFO o.a.j.t.JMeterThread: Thread started: Submit Checkout 1-16
2020-02-26 12:10:47,804 INFO o.a.j.t.JMeterThread: Thread started: Submit Checkout 1-17
2020-02-26 12:10:47,821 INFO o.a.j.t.JMeterThread: Thread started: Submit Checkout 1-18
2020-02-26 12:10:47,838 INFO o.a.j.t.JMeterThread: Thread started: Submit Checkout 1-19
2020-02-26 12:10:47,857 INFO o.a.j.t.JMeterThread: Thread started: Submit Checkout 1-20
2020-02-26 12:10:47,879 INFO o.a.j.t.JMeterThread: Thread started: Submit Checkout 1-21
2020-02-26 12:10:47,897 INFO o.a.j.t.JMeterThread: Thread started: Submit Checkout 1-22
2020-02-26 12:10:47,908 INFO o.a.j.t.JMeterThread: Thread started: Submit Checkout 1-23
2020-02-26 12:10:47,921 INFO o.a.j.t.JMeterThread: Thread started: Submit Checkout 1-24
2020-02-26 12:10:47,928 INFO o.a.j.t.JMeterThread: Thread started: Submit Checkout 1-25
2020-02-26 12:10:47,948 INFO o.a.j.t.JMeterThread: Thread started: Submit Checkout 1-26
2020-02-26 12:10:47,969 INFO o.a.j.t.JMeterThread: Thread started: Submit Checkout 1-27
2020-02-26 12:10:47,989 INFO o.a.j.t.JMeterThread: Thread started: Submit Checkout 1-28
2020-02-26 12:10:48,007 INFO o.a.j.t.JMeterThread: Thread started: Submit Checkout 1-29
2020-02-26 12:10:48,032 INFO o.a.j.t.JMeterThread: Thread started: Submit Checkout 1-30
2020-02-26 12:10:48,047 INFO o.a.j.t.JMeterThread: Thread started: Submit Checkout 1-31
2020-02-26 12:10:48,065 INFO o.a.j.t.JMeterThread: Thread started: Submit Checkout 1-32
2020-02-26 12:10:48,085 INFO o.a.j.t.JMeterThread: Thread started: Submit Checkout 1-33
2020-02-26 12:10:48,111 INFO o.a.j.t.JMeterThread: Thread started: Submit Checkout 1-34
2020-02-26 12:10:48,127 INFO o.a.j.t.JMeterThread: Thread started: Submit Checkout 1-35
2020-02-26 12:10:48,150 INFO o.a.j.t.JMeterThread: Thread started: Submit Checkout 1-36
2020-02-26 12:10:48,169 INFO o.a.j.t.JMeterThread: Thread started: Submit Checkout 1-37
2020-02-26 12:10:48,185 INFO o.a.j.t.JMeterThread: Thread started: Submit Checkout 1-38
2020-02-26 12:10:48,207 INFO o.a.j.t.JMeterThread: Thread started: Submit Checkout 1-39
2020-02-26 12:10:48,225 INFO o.a.j.t.JMeterThread: Thread started: Submit Checkout 1-40
2020-02-26 12:10:48,249 INFO o.a.j.t.JMeterThread: Thread started: Submit Checkout 1-41
2020-02-26 12:10:48,269 INFO o.a.j.t.JMeterThread: Thread started: Submit Checkout 1-42
2020-02-26 12:10:48,286 INFO o.a.j.t.JMeterThread: Thread started: Submit Checkout 1-43
2020-02-26 12:10:48,307 INFO o.a.j.t.JMeterThread: Thread started: Submit Checkout 1-44
2020-02-26 12:10:48,329 INFO o.a.j.t.JMeterThread: Thread started: Submit Checkout 1-45
2020-02-26 12:10:48,349 INFO o.a.j.t.JMeterThread: Thread started: Submit Checkout 1-46
2020-02-26 12:10:48,369 INFO o.a.j.t.JMeterThread: Thread started: Submit Checkout 1-47
2020-02-26 12:10:48,389 INFO o.a.j.t.JMeterThread: Thread started: Submit Checkout 1-48
2020-02-26 12:10:48,408 INFO o.a.j.t.JMeterThread: Thread started: Submit Checkout 1-49
2020-02-26 12:10:48,425 INFO o.a.j.t.JMeterThread: Thread started: Submit Checkout 1-50
2020-02-26 12:11:02,610 INFO o.a.j.t.JMeterThread: Stopping because end time detected by thread: Submit Checkout 1-16
2020-02-26 12:11:02,610 INFO o.a.j.t.JMeterThread: Thread finished: Submit Checkout 1-16
2020-02-26 12:11:02,628 INFO o.a.j.t.JMeterThread: Stopping because end time detected by thread: Submit Checkout 1-28
2020-02-26 12:11:02,628 INFO o.a.j.t.JMeterThread: Thread finished: Submit Checkout 1-28
2020-02-26 12:11:02,692 INFO o.a.j.t.JMeterThread: Stopping because end time detected by thread: Submit Checkout 1-31
2020-02-26 12:11:02,694 INFO o.a.j.t.JMeterThread: Thread finished: Submit Checkout 1-31
2020-02-26 12:11:02,776 INFO o.a.j.t.JMeterThread: Stopping because end time detected by thread: Submit Checkout 1-32
2020-02-26 12:11:02,776 INFO o.a.j.t.JMeterThread: Thread finished: Submit Checkout 1-32
2020-02-26 12:11:02,880 INFO o.a.j.t.JMeterThread: Stopping because end time detected by thread: Submit Checkout 1-35
2020-02-26 12:11:02,880 INFO o.a.j.t.JMeterThread: Thread finished: Submit Checkout 1-35
2020-02-26 12:11:02,930 INFO o.a.j.t.JMeterThread: Stopping because end time detected by thread: Submit Checkout 1-36
2020-02-26 12:11:02,930 INFO o.a.j.t.JMeterThread: Thread finished: Submit Checkout 1-36
2020-02-26 12:11:02,994 INFO o.a.j.t.JMeterThread: Stopping because end time detected by thread: Submit Checkout 1-38
2020-02-26 12:11:02,994 INFO o.a.j.t.JMeterThread: Thread finished: Submit Checkout 1-38
2020-02-26 12:11:03,034 INFO o.a.j.t.JMeterThread: Stopping because end time detected by thread: Submit Checkout 1-37
2020-02-26 12:11:03,034 INFO o.a.j.t.JMeterThread: Thread finished: Submit Checkout 1-37
2020-02-26 12:11:03,127 INFO o.a.j.t.JMeterThread: Stopping because end time detected by thread: Submit Checkout 1-41
2020-02-26 12:11:03,127 INFO o.a.j.t.JMeterThread: Thread finished: Submit Checkout 1-41
2020-02-26 12:11:03,180 INFO o.a.j.t.JMeterThread: Stopping because end time detected by thread: Submit Checkout 1-40
2020-02-26 12:11:03,180 INFO o.a.j.t.JMeterThread: Thread finished: Submit Checkout 1-40
2020-02-26 12:11:03,223 INFO o.a.j.t.JMeterThread: Stopping because end time detected by thread: Submit Checkout 1-42
2020-02-26 12:11:03,223 INFO o.a.j.t.JMeterThread: Thread finished: Submit Checkout 1-42
2020-02-26 12:11:03,266 INFO o.a.j.t.JMeterThread: Stopping because end time detected by thread: Submit Checkout 1-43
2020-02-26 12:11:03,267 INFO o.a.j.t.JMeterThread: Thread finished: Submit Checkout 1-43
2020-02-26 12:11:03,394 INFO o.a.j.t.JMeterThread: Stopping because end time detected by thread: Submit Checkout 1-44
2020-02-26 12:11:03,395 INFO o.a.j.t.JMeterThread: Thread finished: Submit Checkout 1-44
2020-02-26 12:11:03,540 INFO o.a.j.t.JMeterThread: Stopping because end time detected by thread: Submit Checkout 1-46
2020-02-26 12:11:03,541 INFO o.a.j.t.JMeterThread: Thread finished: Submit Checkout 1-46
2020-02-26 12:11:03,708 INFO o.a.j.t.JMeterThread: Stopping because end time detected by thread: Submit Checkout 1-47
2020-02-26 12:11:03,708 INFO o.a.j.t.JMeterThread: Thread finished: Submit Checkout 1-47
2020-02-26 12:11:03,733 INFO o.a.j.t.JMeterThread: Stopping because end time detected by thread: Submit Checkout 1-48
2020-02-26 12:11:03,733 INFO o.a.j.t.JMeterThread: Thread finished: Submit Checkout 1-48
2020-02-26 12:11:03,800 INFO o.a.j.t.JMeterThread: Stopping because end time detected by thread: Submit Checkout 1-45
2020-02-26 12:11:03,800 INFO o.a.j.t.JMeterThread: Thread finished: Submit Checkout 1-45
2020-02-26 12:11:03,830 INFO o.a.j.t.JMeterThread: Stopping because end time detected by thread: Submit Checkout 1-39
2020-02-26 12:11:03,830 INFO o.a.j.t.JMeterThread: Thread finished: Submit Checkout 1-39
2020-02-26 12:11:03,913 INFO o.a.j.t.JMeterThread: Stopping because end time detected by thread: Submit Checkout 1-3
2020-02-26 12:11:03,914 INFO o.a.j.t.JMeterThread: Thread finished: Submit Checkout 1-3
2020-02-26 12:11:03,969 INFO o.a.j.t.JMeterThread: Stopping because end time detected by thread: Submit Checkout 1-1
2020-02-26 12:11:03,969 INFO o.a.j.t.JMeterThread: Thread finished: Submit Checkout 1-1
2020-02-26 12:11:04,048 INFO o.a.j.t.JMeterThread: Stopping because end time detected by thread: Submit Checkout 1-5
2020-02-26 12:11:04,049 INFO o.a.j.t.JMeterThread: Thread finished: Submit Checkout 1-5
2020-02-26 12:11:04,171 INFO o.a.j.t.JMeterThread: Stopping because end time detected by thread: Submit Checkout 1-4
2020-02-26 12:11:04,172 INFO o.a.j.t.JMeterThread: Thread finished: Submit Checkout 1-4
2020-02-26 12:11:04,207 INFO o.a.j.t.JMeterThread: Stopping because end time detected by thread: Submit Checkout 1-12
2020-02-26 12:11:04,207 INFO o.a.j.t.JMeterThread: Thread finished: Submit Checkout 1-12
2020-02-26 12:11:04,361 INFO o.a.j.t.JMeterThread: Stopping because end time detected by thread: Submit Checkout 1-17
2020-02-26 12:11:04,361 INFO o.a.j.t.JMeterThread: Thread finished: Submit Checkout 1-17
2020-02-26 12:11:04,685 INFO o.a.j.t.JMeterThread: Stopping because end time detected by thread: Submit Checkout 1-7
2020-02-26 12:11:04,686 INFO o.a.j.t.JMeterThread: Thread finished: Submit Checkout 1-7
2020-02-26 12:11:04,822 INFO o.a.j.t.JMeterThread: Stopping because end time detected by thread: Submit Checkout 1-6
2020-02-26 12:11:04,822 INFO o.a.j.t.JMeterThread: Thread finished: Submit Checkout 1-6
2020-02-26 12:11:04,941 INFO o.a.j.t.JMeterThread: Stopping because end time detected by thread: Submit Checkout 1-13
2020-02-26 12:11:04,941 INFO o.a.j.t.JMeterThread: Thread finished: Submit Checkout 1-13
2020-02-26 12:11:04,980 INFO o.a.j.t.JMeterThread: Stopping because end time detected by thread: Submit Checkout 1-11
2020-02-26 12:11:04,980 INFO o.a.j.t.JMeterThread: Thread finished: Submit Checkout 1-11
2020-02-26 12:11:05,006 INFO o.a.j.t.JMeterThread: Stopping because end time detected by thread: Submit Checkout 1-10
2020-02-26 12:11:05,007 INFO o.a.j.t.JMeterThread: Thread finished: Submit Checkout 1-10
2020-02-26 12:11:05,028 INFO o.a.j.t.JMeterThread: Stopping because end time detected by thread: Submit Checkout 1-8
2020-02-26 12:11:05,029 INFO o.a.j.t.JMeterThread: Thread finished: Submit Checkout 1-8
2020-02-26 12:11:05,041 INFO o.a.j.t.JMeterThread: Stopping because end time detected by thread: Submit Checkout 1-15
2020-02-26 12:11:05,041 INFO o.a.j.t.JMeterThread: Thread finished: Submit Checkout 1-15
2020-02-26 12:11:05,239 INFO o.a.j.t.JMeterThread: Stopping because end time detected by thread: Submit Checkout 1-33
2020-02-26 12:11:05,239 INFO o.a.j.t.JMeterThread: Thread finished: Submit Checkout 1-33
2020-02-26 12:11:05,422 INFO o.a.j.t.JMeterThread: Stopping because end time detected by thread: Submit Checkout 1-14
2020-02-26 12:11:05,423 INFO o.a.j.t.JMeterThread: Thread finished: Submit Checkout 1-14
2020-02-26 12:11:05,458 INFO o.a.j.t.JMeterThread: Stopping because end time detected by thread: Submit Checkout 1-19
2020-02-26 12:11:05,458 INFO o.a.j.t.JMeterThread: Thread finished: Submit Checkout 1-19
2020-02-26 12:11:05,480 INFO o.a.j.t.JMeterThread: Stopping because end time detected by thread: Submit Checkout 1-2
2020-02-26 12:11:05,480 INFO o.a.j.t.JMeterThread: Thread finished: Submit Checkout 1-2
2020-02-26 12:11:05,492 INFO o.a.j.t.JMeterThread: Stopping because end time detected by thread: Submit Checkout 1-18
2020-02-26 12:11:05,492 INFO o.a.j.t.JMeterThread: Thread finished: Submit Checkout 1-18
2020-02-26 12:11:05,519 INFO o.a.j.t.JMeterThread: Stopping because end time detected by thread: Submit Checkout 1-22
2020-02-26 12:11:05,519 INFO o.a.j.t.JMeterThread: Thread finished: Submit Checkout 1-22
2020-02-26 12:11:05,567 INFO o.a.j.t.JMeterThread: Stopping because end time detected by thread: Submit Checkout 1-21
2020-02-26 12:11:05,567 INFO o.a.j.t.JMeterThread: Thread finished: Submit Checkout 1-21
2020-02-26 12:11:05,613 INFO o.a.j.t.JMeterThread: Stopping because end time detected by thread: Submit Checkout 1-20
2020-02-26 12:11:05,614 INFO o.a.j.t.JMeterThread: Thread finished: Submit Checkout 1-20
2020-02-26 12:11:05,652 INFO o.a.j.t.JMeterThread: Stopping because end time detected by thread: Submit Checkout 1-23
2020-02-26 12:11:05,652 INFO o.a.j.t.JMeterThread: Thread finished: Submit Checkout 1-23
2020-02-26 12:11:05,735 INFO o.a.j.t.JMeterThread: Stopping because end time detected by thread: Submit Checkout 1-9
2020-02-26 12:11:05,736 INFO o.a.j.t.JMeterThread: Thread finished: Submit Checkout 1-9
2020-02-26 12:11:05,762 INFO o.a.j.t.JMeterThread: Stopping because end time detected by thread: Submit Checkout 1-24
2020-02-26 12:11:05,762 INFO o.a.j.t.JMeterThread: Thread finished: Submit Checkout 1-24
2020-02-26 12:11:05,798 INFO o.a.j.t.JMeterThread: Stopping because end time detected by thread: Submit Checkout 1-25
2020-02-26 12:11:05,798 INFO o.a.j.t.JMeterThread: Thread finished: Submit Checkout 1-25
2020-02-26 12:11:05,858 INFO o.a.j.t.JMeterThread: Stopping because end time detected by thread: Submit Checkout 1-26
2020-02-26 12:11:05,858 INFO o.a.j.t.JMeterThread: Thread finished: Submit Checkout 1-26
2020-02-26 12:11:05,878 INFO o.a.j.t.JMeterThread: Stopping because end time detected by thread: Submit Checkout 1-27
2020-02-26 12:11:05,878 INFO o.a.j.t.JMeterThread: Thread finished: Submit Checkout 1-27
2020-02-26 12:11:05,903 INFO o.a.j.t.JMeterThread: Stopping because end time detected by thread: Submit Checkout 1-34
2020-02-26 12:11:05,904 INFO o.a.j.t.JMeterThread: Thread finished: Submit Checkout 1-34
2020-02-26 12:11:05,925 INFO o.a.j.t.JMeterThread: Stopping because end time detected by thread: Submit Checkout 1-29
2020-02-26 12:11:05,926 INFO o.a.j.t.JMeterThread: Thread finished: Submit Checkout 1-29
2020-02-26 12:11:05,952 INFO o.a.j.t.JMeterThread: Stopping because end time detected by thread: Submit Checkout 1-30
2020-02-26 12:11:05,953 INFO o.a.j.t.JMeterThread: Thread finished: Submit Checkout 1-30
2020-02-26 12:11:05,970 INFO o.a.j.t.JMeterThread: Stopping because end time detected by thread: Submit Checkout 1-49
2020-02-26 12:11:05,970 INFO o.a.j.t.JMeterThread: Thread finished: Submit Checkout 1-49
2020-02-26 12:11:05,981 INFO o.a.j.t.JMeterThread: Stopping because end time detected by thread: Submit Checkout 1-50
2020-02-26 12:11:05,982 INFO o.a.j.t.JMeterThread: Thread finished: Submit Checkout 1-50
2020-02-26 12:11:05,982 INFO o.a.j.e.StandardJMeterEngine: Notifying test listeners of end of test
2020-02-26 12:11:05,982 INFO o.a.j.s.FileServer: Close: /Users/nrsjnet/Dev/Estudos/Intensivo Microservicos/Jmeter/dados.csv
2020-02-26 12:11:05,983 INFO o.a.j.s.FileServer: Close: /Users/nrsjnet/Dev/Estudos/Intensivo Microservicos/Jmeter/produtos.csv
2020-02-26 12:11:05,983 INFO o.a.j.g.u.JMeterMenuBar: setRunning(false, *local*)
2020-02-26 12:19:34,056 INFO o.a.j.e.StandardJMeterEngine: Running the test!
2020-02-26 12:19:34,058 INFO o.a.j.s.SampleEvent: List of sample_variables: []
2020-02-26 12:19:34,077 INFO o.a.j.g.u.JMeterMenuBar: setRunning(true, *local*)
2020-02-26 12:19:34,169 INFO o.a.j.e.StandardJMeterEngine: Starting ThreadGroup: 1 : Submit Checkout
2020-02-26 12:19:34,169 INFO o.a.j.e.StandardJMeterEngine: Starting 50 threads for group Submit Checkout.
2020-02-26 12:19:34,169 INFO o.a.j.e.StandardJMeterEngine: Thread will continue on error
2020-02-26 12:19:34,169 INFO o.a.j.t.ThreadGroup: Starting thread group... number=1 threads=50 ramp-up=1 delayedStart=false
2020-02-26 12:19:34,174 INFO o.a.j.t.JMeterThread: Thread started: Submit Checkout 1-1
2020-02-26 12:19:34,175 INFO o.a.j.s.FileServer: Stored: /Users/nrsjnet/Dev/Estudos/Intensivo Microservicos/Jmeter/dados.csv
2020-02-26 12:19:34,179 INFO o.a.j.s.FileServer: Stored: /Users/nrsjnet/Dev/Estudos/Intensivo Microservicos/Jmeter/produtos.csv
2020-02-26 12:19:34,198 INFO o.a.j.t.JMeterThread: Thread started: Submit Checkout 1-2
2020-02-26 12:19:34,225 INFO o.a.j.t.JMeterThread: Thread started: Submit Checkout 1-3
2020-02-26 12:19:34,234 INFO o.a.j.t.ThreadGroup: Started thread group number 1
2020-02-26 12:19:34,234 INFO o.a.j.e.StandardJMeterEngine: All thread groups have been started
2020-02-26 12:19:34,238 INFO o.a.j.t.JMeterThread: Thread started: Submit Checkout 1-4
2020-02-26 12:19:34,253 INFO o.a.j.t.JMeterThread: Thread started: Submit Checkout 1-5
2020-02-26 12:19:34,274 INFO o.a.j.t.JMeterThread: Thread started: Submit Checkout 1-6
2020-02-26 12:19:34,297 INFO o.a.j.t.JMeterThread: Thread started: Submit Checkout 1-7
2020-02-26 12:19:34,313 INFO o.a.j.t.JMeterThread: Thread started: Submit Checkout 1-8
2020-02-26 12:19:34,333 INFO o.a.j.t.JMeterThread: Thread started: Submit Checkout 1-9
2020-02-26 12:19:34,355 INFO o.a.j.t.JMeterThread: Thread started: Submit Checkout 1-10
2020-02-26 12:19:34,372 INFO o.a.j.t.JMeterThread: Thread started: Submit Checkout 1-11
2020-02-26 12:19:34,396 INFO o.a.j.t.JMeterThread: Thread started: Submit Checkout 1-12
2020-02-26 12:19:34,414 INFO o.a.j.t.JMeterThread: Thread started: Submit Checkout 1-13
2020-02-26 12:19:34,438 INFO o.a.j.t.JMeterThread: Thread started: Submit Checkout 1-14
2020-02-26 12:19:34,454 INFO o.a.j.t.JMeterThread: Thread started: Submit Checkout 1-15
2020-02-26 12:19:34,473 INFO o.a.j.t.JMeterThread: Thread started: Submit Checkout 1-16
2020-02-26 12:19:34,495 INFO o.a.j.t.JMeterThread: Thread started: Submit Checkout 1-17
2020-02-26 12:19:34,512 INFO o.a.j.t.JMeterThread: Thread started: Submit Checkout 1-18
2020-02-26 12:19:34,535 INFO o.a.j.t.JMeterThread: Thread started: Submit Checkout 1-19
2020-02-26 12:19:34,552 INFO o.a.j.t.JMeterThread: Thread started: Submit Checkout 1-20
2020-02-26 12:19:34,575 INFO o.a.j.t.JMeterThread: Thread started: Submit Checkout 1-21
2020-02-26 12:19:34,595 INFO o.a.j.t.JMeterThread: Thread started: Submit Checkout 1-22
2020-02-26 12:19:34,612 INFO o.a.j.t.JMeterThread: Thread started: Submit Checkout 1-23
2020-02-26 12:19:34,633 INFO o.a.j.t.JMeterThread: Thread started: Submit Checkout 1-24
2020-02-26 12:19:34,657 INFO o.a.j.t.JMeterThread: Thread started: Submit Checkout 1-25
2020-02-26 12:19:34,671 INFO o.a.j.t.JMeterThread: Thread started: Submit Checkout 1-26
2020-02-26 12:19:34,695 INFO o.a.j.t.JMeterThread: Thread started: Submit Checkout 1-27
2020-02-26 12:19:34,711 INFO o.a.j.t.JMeterThread: Thread started: Submit Checkout 1-28
2020-02-26 12:19:34,733 INFO o.a.j.t.JMeterThread: Thread started: Submit Checkout 1-29
2020-02-26 12:19:34,752 INFO o.a.j.t.JMeterThread: Thread started: Submit Checkout 1-30
2020-02-26 12:19:34,774 INFO o.a.j.t.JMeterThread: Thread started: Submit Checkout 1-31
2020-02-26 12:19:34,795 INFO o.a.j.t.JMeterThread: Thread started: Submit Checkout 1-32
2020-02-26 12:19:34,811 INFO o.a.j.t.JMeterThread: Thread started: Submit Checkout 1-33
2020-02-26 12:19:34,834 INFO o.a.j.t.JMeterThread: Thread started: Submit Checkout 1-34
2020-02-26 12:19:34,852 INFO o.a.j.t.JMeterThread: Thread started: Submit Checkout 1-35
2020-02-26 12:19:34,871 INFO o.a.j.t.JMeterThread: Thread started: Submit Checkout 1-36
2020-02-26 12:19:34,895 INFO o.a.j.t.JMeterThread: Thread started: Submit Checkout 1-37
2020-02-26 12:19:34,912 INFO o.a.j.t.JMeterThread: Thread started: Submit Checkout 1-38
2020-02-26 12:19:34,938 INFO o.a.j.t.JMeterThread: Thread started: Submit Checkout 1-39
2020-02-26 12:19:34,955 INFO o.a.j.t.JMeterThread: Thread started: Submit Checkout 1-40
2020-02-26 12:19:34,974 INFO o.a.j.t.JMeterThread: Thread started: Submit Checkout 1-41
2020-02-26 12:19:34,995 INFO o.a.j.t.JMeterThread: Thread started: Submit Checkout 1-42
2020-02-26 12:19:35,011 INFO o.a.j.t.JMeterThread: Thread started: Submit Checkout 1-43
2020-02-26 12:19:35,033 INFO o.a.j.t.JMeterThread: Thread started: Submit Checkout 1-44
2020-02-26 12:19:35,055 INFO o.a.j.t.JMeterThread: Thread started: Submit Checkout 1-45
2020-02-26 12:19:35,071 INFO o.a.j.t.JMeterThread: Thread started: Submit Checkout 1-46
2020-02-26 12:19:35,096 INFO o.a.j.t.JMeterThread: Thread started: Submit Checkout 1-47
2020-02-26 12:19:35,114 INFO o.a.j.t.JMeterThread: Thread started: Submit Checkout 1-48
2020-02-26 12:19:35,133 INFO o.a.j.t.JMeterThread: Thread started: Submit Checkout 1-49
2020-02-26 12:19:35,155 INFO o.a.j.t.JMeterThread: Thread started: Submit Checkout 1-50
2020-02-26 12:19:49,241 INFO o.a.j.t.JMeterThread: Stopping because end time detected by thread: Submit Checkout 1-8
2020-02-26 12:19:49,241 INFO o.a.j.t.JMeterThread: Thread finished: Submit Checkout 1-8
2020-02-26 12:19:49,330 INFO o.a.j.t.JMeterThread: Stopping because end time detected by thread: Submit Checkout 1-10
2020-02-26 12:19:49,330 INFO o.a.j.t.JMeterThread: Thread finished: Submit Checkout 1-10
2020-02-26 12:19:49,402 INFO o.a.j.t.JMeterThread: Stopping because end time detected by thread: Submit Checkout 1-11
2020-02-26 12:19:49,402 INFO o.a.j.t.JMeterThread: Thread finished: Submit Checkout 1-11
2020-02-26 12:19:49,555 INFO o.a.j.t.JMeterThread: Stopping because end time detected by thread: Submit Checkout 1-12
2020-02-26 12:19:49,556 INFO o.a.j.t.JMeterThread: Thread finished: Submit Checkout 1-12
2020-02-26 12:19:49,580 INFO o.a.j.t.JMeterThread: Stopping because end time detected by thread: Submit Checkout 1-13
2020-02-26 12:19:49,580 INFO o.a.j.t.JMeterThread: Thread finished: Submit Checkout 1-13
2020-02-26 12:19:49,832 INFO o.a.j.t.JMeterThread: Stopping because end time detected by thread: Submit Checkout 1-14
2020-02-26 12:19:49,832 INFO o.a.j.t.JMeterThread: Thread finished: Submit Checkout 1-14
2020-02-26 12:19:49,900 INFO o.a.j.t.JMeterThread: Stopping because end time detected by thread: Submit Checkout 1-15
2020-02-26 12:19:49,900 INFO o.a.j.t.JMeterThread: Thread finished: Submit Checkout 1-15
2020-02-26 12:19:49,983 INFO o.a.j.t.JMeterThread: Stopping because end time detected by thread: Submit Checkout 1-18
2020-02-26 12:19:49,983 INFO o.a.j.t.JMeterThread: Thread finished: Submit Checkout 1-18
2020-02-26 12:19:50,037 INFO o.a.j.t.JMeterThread: Stopping because end time detected by thread: Submit Checkout 1-16
2020-02-26 12:19:50,037 INFO o.a.j.t.JMeterThread: Thread finished: Submit Checkout 1-16
2020-02-26 12:19:50,240 INFO o.a.j.t.JMeterThread: Stopping because end time detected by thread: Submit Checkout 1-17
2020-02-26 12:19:50,240 INFO o.a.j.t.JMeterThread: Thread finished: Submit Checkout 1-17
2020-02-26 12:19:50,479 INFO o.a.j.t.JMeterThread: Stopping because end time detected by thread: Submit Checkout 1-23
2020-02-26 12:19:50,480 INFO o.a.j.t.JMeterThread: Thread finished: Submit Checkout 1-23
2020-02-26 12:19:50,534 INFO o.a.j.t.JMeterThread: Stopping because end time detected by thread: Submit Checkout 1-44
2020-02-26 12:19:50,534 INFO o.a.j.t.JMeterThread: Thread finished: Submit Checkout 1-44
2020-02-26 12:19:50,567 INFO o.a.j.t.JMeterThread: Stopping because end time detected by thread: Submit Checkout 1-22
2020-02-26 12:19:50,567 INFO o.a.j.t.JMeterThread: Thread finished: Submit Checkout 1-22
2020-02-26 12:19:50,594 INFO o.a.j.t.JMeterThread: Stopping because end time detected by thread: Submit Checkout 1-43
2020-02-26 12:19:50,594 INFO o.a.j.t.JMeterThread: Thread finished: Submit Checkout 1-43
2020-02-26 12:19:50,710 INFO o.a.j.t.JMeterThread: Stopping because end time detected by thread: Submit Checkout 1-19
2020-02-26 12:19:50,710 INFO o.a.j.t.JMeterThread: Thread finished: Submit Checkout 1-19
2020-02-26 12:19:50,827 INFO o.a.j.t.JMeterThread: Stopping because end time detected by thread: Submit Checkout 1-24
2020-02-26 12:19:50,827 INFO o.a.j.t.JMeterThread: Thread finished: Submit Checkout 1-24
2020-02-26 12:19:50,845 INFO o.a.j.t.JMeterThread: Stopping because end time detected by thread: Submit Checkout 1-25
2020-02-26 12:19:50,845 INFO o.a.j.t.JMeterThread: Thread finished: Submit Checkout 1-25
2020-02-26 12:19:50,993 INFO o.a.j.t.JMeterThread: Stopping because end time detected by thread: Submit Checkout 1-26
2020-02-26 12:19:50,994 INFO o.a.j.t.JMeterThread: Thread finished: Submit Checkout 1-26
2020-02-26 12:19:51,023 INFO o.a.j.t.JMeterThread: Stopping because end time detected by thread: Submit Checkout 1-27
2020-02-26 12:19:51,023 INFO o.a.j.t.JMeterThread: Thread finished: Submit Checkout 1-27
2020-02-26 12:19:51,068 INFO o.a.j.t.JMeterThread: Stopping because end time detected by thread: Submit Checkout 1-28
2020-02-26 12:19:51,069 INFO o.a.j.t.JMeterThread: Thread finished: Submit Checkout 1-28
2020-02-26 12:19:51,145 INFO o.a.j.t.JMeterThread: Stopping because end time detected by thread: Submit Checkout 1-29
2020-02-26 12:19:51,146 INFO o.a.j.t.JMeterThread: Thread finished: Submit Checkout 1-29
2020-02-26 12:19:51,202 INFO o.a.j.t.JMeterThread: Stopping because end time detected by thread: Submit Checkout 1-30
2020-02-26 12:19:51,202 INFO o.a.j.t.JMeterThread: Thread finished: Submit Checkout 1-30
2020-02-26 12:19:51,229 INFO o.a.j.t.JMeterThread: Stopping because end time detected by thread: Submit Checkout 1-32
2020-02-26 12:19:51,229 INFO o.a.j.t.JMeterThread: Thread finished: Submit Checkout 1-32
2020-02-26 12:19:51,280 INFO o.a.j.t.JMeterThread: Stopping because end time detected by thread: Submit Checkout 1-31
2020-02-26 12:19:51,281 INFO o.a.j.t.JMeterThread: Thread finished: Submit Checkout 1-31
2020-02-26 12:19:51,314 INFO o.a.j.t.JMeterThread: Stopping because end time detected by thread: Submit Checkout 1-33
2020-02-26 12:19:51,315 INFO o.a.j.t.JMeterThread: Thread finished: Submit Checkout 1-33
2020-02-26 12:19:51,364 INFO o.a.j.t.JMeterThread: Stopping because end time detected by thread: Submit Checkout 1-34
2020-02-26 12:19:51,364 INFO o.a.j.t.JMeterThread: Thread finished: Submit Checkout 1-34
2020-02-26 12:19:51,407 INFO o.a.j.t.JMeterThread: Stopping because end time detected by thread: Submit Checkout 1-35
2020-02-26 12:19:51,408 INFO o.a.j.t.JMeterThread: Thread finished: Submit Checkout 1-35
2020-02-26 12:19:51,431 INFO o.a.j.t.JMeterThread: Stopping because end time detected by thread: Submit Checkout 1-36
2020-02-26 12:19:51,431 INFO o.a.j.t.JMeterThread: Thread finished: Submit Checkout 1-36
2020-02-26 12:19:51,471 INFO o.a.j.t.JMeterThread: Stopping because end time detected by thread: Submit Checkout 1-37
2020-02-26 12:19:51,472 INFO o.a.j.t.JMeterThread: Thread finished: Submit Checkout 1-37
2020-02-26 12:19:51,518 INFO o.a.j.t.JMeterThread: Stopping because end time detected by thread: Submit Checkout 1-38
2020-02-26 12:19:51,518 INFO o.a.j.t.JMeterThread: Thread finished: Submit Checkout 1-38
2020-02-26 12:19:51,551 INFO o.a.j.t.JMeterThread: Stopping because end time detected by thread: Submit Checkout 1-39
2020-02-26 12:19:51,552 INFO o.a.j.t.JMeterThread: Thread finished: Submit Checkout 1-39
2020-02-26 12:19:51,584 INFO o.a.j.t.JMeterThread: Stopping because end time detected by thread: Submit Checkout 1-41
2020-02-26 12:19:51,584 INFO o.a.j.t.JMeterThread: Thread finished: Submit Checkout 1-41
2020-02-26 12:19:51,615 INFO o.a.j.t.JMeterThread: Stopping because end time detected by thread: Submit Checkout 1-42
2020-02-26 12:19:51,615 INFO o.a.j.t.JMeterThread: Thread finished: Submit Checkout 1-42
2020-02-26 12:19:51,639 INFO o.a.j.t.JMeterThread: Stopping because end time detected by thread: Submit Checkout 1-49
2020-02-26 12:19:51,639 INFO o.a.j.t.JMeterThread: Thread finished: Submit Checkout 1-49
2020-02-26 12:19:51,692 INFO o.a.j.t.JMeterThread: Stopping because end time detected by thread: Submit Checkout 1-50
2020-02-26 12:19:51,692 INFO o.a.j.t.JMeterThread: Thread finished: Submit Checkout 1-50
2020-02-26 12:19:51,720 INFO o.a.j.t.JMeterThread: Stopping because end time detected by thread: Submit Checkout 1-45
2020-02-26 12:19:51,721 INFO o.a.j.t.JMeterThread: Thread finished: Submit Checkout 1-45
2020-02-26 12:19:51,756 INFO o.a.j.t.JMeterThread: Stopping because end time detected by thread: Submit Checkout 1-46
2020-02-26 12:19:51,756 INFO o.a.j.t.JMeterThread: Thread finished: Submit Checkout 1-46
2020-02-26 12:19:51,781 INFO o.a.j.t.JMeterThread: Stopping because end time detected by thread: Submit Checkout 1-47
2020-02-26 12:19:51,781 INFO o.a.j.t.JMeterThread: Thread finished: Submit Checkout 1-47
2020-02-26 12:19:51,813 INFO o.a.j.t.JMeterThread: Stopping because end time detected by thread: Submit Checkout 1-48
2020-02-26 12:19:51,814 INFO o.a.j.t.JMeterThread: Thread finished: Submit Checkout 1-48
2020-02-26 12:19:51,850 INFO o.a.j.t.JMeterThread: Stopping because end time detected by thread: Submit Checkout 1-40
2020-02-26 12:19:51,850 INFO o.a.j.t.JMeterThread: Thread finished: Submit Checkout 1-40
2020-02-26 12:19:51,880 INFO o.a.j.t.JMeterThread: Stopping because end time detected by thread: Submit Checkout 1-5
2020-02-26 12:19:51,880 INFO o.a.j.t.JMeterThread: Thread finished: Submit Checkout 1-5
2020-02-26 12:19:51,933 INFO o.a.j.t.JMeterThread: Stopping because end time detected by thread: Submit Checkout 1-4
2020-02-26 12:19:51,933 INFO o.a.j.t.JMeterThread: Thread finished: Submit Checkout 1-4
2020-02-26 12:19:51,948 INFO o.a.j.t.JMeterThread: Stopping because end time detected by thread: Submit Checkout 1-1
2020-02-26 12:19:51,948 INFO o.a.j.t.JMeterThread: Thread finished: Submit Checkout 1-1
2020-02-26 12:19:52,072 INFO o.a.j.t.JMeterThread: Stopping because end time detected by thread: Submit Checkout 1-9
2020-02-26 12:19:52,072 INFO o.a.j.t.JMeterThread: Thread finished: Submit Checkout 1-9
2020-02-26 12:19:52,120 INFO o.a.j.t.JMeterThread: Stopping because end time detected by thread: Submit Checkout 1-6
2020-02-26 12:19:52,120 INFO o.a.j.t.JMeterThread: Thread finished: Submit Checkout 1-6
2020-02-26 12:19:52,165 INFO o.a.j.t.JMeterThread: Stopping because end time detected by thread: Submit Checkout 1-21
2020-02-26 12:19:52,166 INFO o.a.j.t.JMeterThread: Thread finished: Submit Checkout 1-21
2020-02-26 12:19:52,293 INFO o.a.j.t.JMeterThread: Stopping because end time detected by thread: Submit Checkout 1-7
2020-02-26 12:19:52,293 INFO o.a.j.t.JMeterThread: Thread finished: Submit Checkout 1-7
2020-02-26 12:19:52,333 INFO o.a.j.t.JMeterThread: Stopping because end time detected by thread: Submit Checkout 1-2
2020-02-26 12:19:52,333 INFO o.a.j.t.JMeterThread: Thread finished: Submit Checkout 1-2
2020-02-26 12:19:52,359 INFO o.a.j.t.JMeterThread: Stopping because end time detected by thread: Submit Checkout 1-3
2020-02-26 12:19:52,359 INFO o.a.j.t.JMeterThread: Thread finished: Submit Checkout 1-3
2020-02-26 12:19:52,416 INFO o.a.j.t.JMeterThread: Stopping because end time detected by thread: Submit Checkout 1-20
2020-02-26 12:19:52,416 INFO o.a.j.t.JMeterThread: Thread finished: Submit Checkout 1-20
2020-02-26 12:19:52,416 INFO o.a.j.e.StandardJMeterEngine: Notifying test listeners of end of test
2020-02-26 12:19:52,417 INFO o.a.j.s.FileServer: Close: /Users/nrsjnet/Dev/Estudos/Intensivo Microservicos/Jmeter/dados.csv
2020-02-26 12:19:52,418 INFO o.a.j.s.FileServer: Close: /Users/nrsjnet/Dev/Estudos/Intensivo Microservicos/Jmeter/produtos.csv
2020-02-26 12:19:52,418 INFO o.a.j.g.u.JMeterMenuBar: setRunning(false, *local*)
