2020-02-26 09:44:40,308 INFO o.a.j.u.JMeterUtils: Setting Locale to en_EN
2020-02-26 09:44:40,372 INFO o.a.j.JMeter: Loading user properties from: /usr/local/Cellar/jmeter/5.2.1/libexec/bin/user.properties
2020-02-26 09:44:40,374 INFO o.a.j.JMeter: Loading system properties from: /usr/local/Cellar/jmeter/5.2.1/libexec/bin/system.properties
2020-02-26 09:44:40,378 INFO o.a.j.JMeter: Copyright (c) 1998-2019 The Apache Software Foundation
2020-02-26 09:44:40,378 INFO o.a.j.JMeter: Version 5.2.1
2020-02-26 09:44:40,378 INFO o.a.j.JMeter: java.version=13.0.1
2020-02-26 09:44:40,378 INFO o.a.j.JMeter: java.vm.name=OpenJDK 64-Bit Server VM
2020-02-26 09:44:40,378 INFO o.a.j.JMeter: os.name=Mac OS X
2020-02-26 09:44:40,378 INFO o.a.j.JMeter: os.arch=x86_64
2020-02-26 09:44:40,378 INFO o.a.j.JMeter: os.version=10.15.3
2020-02-26 09:44:40,379 INFO o.a.j.JMeter: file.encoding=UTF-8
2020-02-26 09:44:40,379 INFO o.a.j.JMeter: java.awt.headless=null
2020-02-26 09:44:40,379 INFO o.a.j.JMeter: Max memory     =1073741824
2020-02-26 09:44:40,379 INFO o.a.j.JMeter: Available Processors =4
2020-02-26 09:44:40,398 INFO o.a.j.JMeter: Default Locale=English (EN)
2020-02-26 09:44:40,399 INFO o.a.j.JMeter: JMeter  Locale=English (EN)
2020-02-26 09:44:40,399 INFO o.a.j.JMeter: JMeterHome=/usr/local/Cellar/jmeter/5.2.1/libexec
2020-02-26 09:44:40,399 INFO o.a.j.JMeter: user.dir  =/Users/nrsjnet/Dev/Estudos/Intensivo Microservicos/Source/payment
2020-02-26 09:44:40,399 INFO o.a.j.JMeter: PWD       =/Users/nrsjnet/Dev/Estudos/Intensivo Microservicos/Source/payment
2020-02-26 09:44:40,410 INFO o.a.j.JMeter: IP: 192.168.43.174 Name: Air-de-Nelson FullName: air-de-nelson
2020-02-26 09:44:43,965 INFO o.a.j.g.a.LookAndFeelCommand: Installing Darcula LAF
2020-02-26 09:44:43,984 INFO o.a.j.g.a.LookAndFeelCommand: Using look and feel: com.bulenkov.darcula.DarculaLaf [Darcula]
2020-02-26 09:44:43,985 INFO o.a.j.JMeter: Setting LAF to: com.bulenkov.darcula.DarculaLaf
2020-02-26 09:44:44,283 INFO o.a.j.JMeter: Loaded icon properties from org/apache/jmeter/images/icon.properties
2020-02-26 09:44:46,215 INFO o.j.r.JARSourceHTTP: Requesting https://jmeter-plugins.org/repo/?installID=mac_os_x-58d871be85f6a9ca10363382032269c0-gui
2020-02-26 09:44:49,374 INFO o.a.j.p.h.s.HTTPSamplerBase: Parser for text/html is org.apache.jmeter.protocol.http.parser.LagartoBasedHtmlParser
2020-02-26 09:44:49,375 INFO o.a.j.p.h.s.HTTPSamplerBase: Parser for application/xhtml+xml is org.apache.jmeter.protocol.http.parser.LagartoBasedHtmlParser
2020-02-26 09:44:49,376 INFO o.a.j.p.h.s.HTTPSamplerBase: Parser for application/xml is org.apache.jmeter.protocol.http.parser.LagartoBasedHtmlParser
2020-02-26 09:44:49,376 INFO o.a.j.p.h.s.HTTPSamplerBase: Parser for text/xml is org.apache.jmeter.protocol.http.parser.LagartoBasedHtmlParser
2020-02-26 09:44:49,376 INFO o.a.j.p.h.s.HTTPSamplerBase: Parser for text/vnd.wap.wml is org.apache.jmeter.protocol.http.parser.RegexpHTMLParser
2020-02-26 09:44:49,376 INFO o.a.j.p.h.s.HTTPSamplerBase: Parser for text/css is org.apache.jmeter.protocol.http.parser.CssParser
2020-02-26 09:44:50,004 INFO o.a.j.e.KeyToolUtils: keytool found at 'keytool'
2020-02-26 09:44:50,005 INFO o.a.j.p.h.p.ProxyControl: HTTP(S) Test Script Recorder SSL Proxy will use keys that support embedded 3rd party resources in file /usr/local/Cellar/jmeter/5.2.1/libexec/bin/proxyserver.jks
2020-02-26 09:44:50,293 INFO o.a.j.s.FileServer: Default base='/Users/nrsjnet/Dev/Estudos/Intensivo Microservicos/Source/payment'
2020-02-26 09:44:50,981 INFO o.a.j.s.SampleResult: Note: Sample TimeStamps are START times
2020-02-26 09:44:50,982 INFO o.a.j.s.SampleResult: sampleresult.default.encoding is set to ISO-8859-1
2020-02-26 09:44:50,982 INFO o.a.j.s.SampleResult: sampleresult.useNanoTime=true
2020-02-26 09:44:50,982 INFO o.a.j.s.SampleResult: sampleresult.nanoThreadSleep=5000
2020-02-26 09:44:51,052 INFO o.a.j.v.ViewResultsFullVisualizer: Add JavaFX to your Java installation if you want to use renderer: org.apache.jmeter.visualizers.RenderInBrowser
2020-02-26 09:44:51,234 INFO o.j.r.PluginManager: Plugins Status: [jpgc-plugins-manager=1.3, jmeter-core=5.2.1, jmeter-ftp=5.2.1, jmeter-http=5.2.1, jmeter-jdbc=5.2.1, jmeter-jms=5.2.1, jmeter-junit=5.2.1, jmeter-java=5.2.1, jmeter-ldap=5.2.1, jmeter-mail=5.2.1, jmeter-mongodb=5.2.1, jmeter-native=5.2.1, jmeter-tcp=5.2.1, jmeter-components=5.2.1]
2020-02-26 09:45:00,487 INFO o.a.j.g.a.Load: Loading file: /Users/nrsjnet/Dev/Estudos/Intensivo Microservicos/Teste Checkout.jmx
2020-02-26 09:45:00,488 INFO o.a.j.s.FileServer: Set new base='/Users/nrsjnet/Dev/Estudos/Intensivo Microservicos'
2020-02-26 09:45:00,700 INFO o.a.j.s.SaveService: Testplan (JMX) version: 2.2. Testlog (JTL) version: 2.2
2020-02-26 09:45:00,712 INFO o.a.j.s.SaveService: Using SaveService properties version 5.0
2020-02-26 09:45:00,716 INFO o.a.j.s.SaveService: Using SaveService properties file encoding UTF-8
2020-02-26 09:45:00,719 INFO o.a.j.s.SaveService: Loading file: /Users/nrsjnet/Dev/Estudos/Intensivo Microservicos/Teste Checkout.jmx
2020-02-26 09:45:01,192 INFO o.a.j.v.ViewResultsFullVisualizer: Add JavaFX to your Java installation if you want to use renderer: org.apache.jmeter.visualizers.RenderInBrowser
2020-02-26 09:45:01,250 INFO o.a.j.s.FileServer: Set new base='/Users/nrsjnet/Dev/Estudos/Intensivo Microservicos'
2020-02-26 09:45:07,383 INFO o.a.j.e.StandardJMeterEngine: Running the test!
2020-02-26 09:45:07,385 INFO o.a.j.s.SampleEvent: List of sample_variables: []
2020-02-26 09:45:07,385 INFO o.a.j.s.SampleEvent: List of sample_variables: []
2020-02-26 09:45:07,388 INFO o.a.j.e.u.CompoundVariable: Note: Function class names must contain the string: '.functions.'
2020-02-26 09:45:07,388 INFO o.a.j.e.u.CompoundVariable: Note: Function class names must not contain the string: '.gui.'
2020-02-26 09:45:08,028 INFO o.a.j.g.u.JMeterMenuBar: setRunning(true, *local*)
2020-02-26 09:45:08,167 INFO o.a.j.e.StandardJMeterEngine: Starting ThreadGroup: 1 : Submit Checkout
2020-02-26 09:45:08,167 INFO o.a.j.e.StandardJMeterEngine: Starting 10 threads for group Submit Checkout.
2020-02-26 09:45:08,167 INFO o.a.j.e.StandardJMeterEngine: Thread will continue on error
2020-02-26 09:45:08,170 INFO o.a.j.t.ThreadGroup: Starting thread group... number=1 threads=10 ramp-up=1 delayedStart=false
2020-02-26 09:45:08,192 INFO o.a.j.t.ThreadGroup: Started thread group number 1
2020-02-26 09:45:08,192 INFO o.a.j.e.StandardJMeterEngine: All thread groups have been started
2020-02-26 09:45:08,207 INFO o.a.j.t.JMeterThread: Thread started: Submit Checkout 1-1
2020-02-26 09:45:08,210 INFO o.a.j.s.FileServer: Stored: /Users/nrsjnet/Dev/Estudos/Intensivo Microservicos/Jmeter/dados.csv
2020-02-26 09:45:08,216 INFO o.a.j.s.FileServer: Stored: /Users/nrsjnet/Dev/Estudos/Intensivo Microservicos/Jmeter/produtos.csv
2020-02-26 09:45:08,240 INFO o.a.j.p.h.s.HTTPHCAbstractImpl: Local host = Air-de-Nelson
2020-02-26 09:45:08,257 INFO o.a.j.p.h.s.HTTPHC4Impl: HTTP request retry count = 0
2020-02-26 09:45:08,359 INFO o.a.j.t.JMeterThread: Thread started: Submit Checkout 1-2
2020-02-26 09:45:08,455 INFO o.a.j.t.JMeterThread: Thread started: Submit Checkout 1-3
2020-02-26 09:45:08,540 INFO o.a.j.t.JMeterThread: Thread started: Submit Checkout 1-4
2020-02-26 09:45:08,648 INFO o.a.j.t.JMeterThread: Thread started: Submit Checkout 1-5
2020-02-26 09:45:08,750 INFO o.a.j.t.JMeterThread: Thread started: Submit Checkout 1-6
2020-02-26 09:45:08,848 INFO o.a.j.t.JMeterThread: Thread started: Submit Checkout 1-7
2020-02-26 09:45:08,949 INFO o.a.j.t.JMeterThread: Thread started: Submit Checkout 1-8
2020-02-26 09:45:09,047 INFO o.a.j.t.JMeterThread: Thread started: Submit Checkout 1-9
2020-02-26 09:45:09,145 INFO o.a.j.t.JMeterThread: Thread started: Submit Checkout 1-10
2020-02-26 09:45:23,201 INFO o.a.j.t.JMeterThread: Stopping because end time detected by thread: Submit Checkout 1-9
2020-02-26 09:45:23,201 INFO o.a.j.t.JMeterThread: Thread finished: Submit Checkout 1-9
2020-02-26 09:45:23,249 INFO o.a.j.t.JMeterThread: Stopping because end time detected by thread: Submit Checkout 1-1
2020-02-26 09:45:23,250 INFO o.a.j.t.JMeterThread: Thread finished: Submit Checkout 1-1
2020-02-26 09:45:23,298 INFO o.a.j.t.JMeterThread: Stopping because end time detected by thread: Submit Checkout 1-6
2020-02-26 09:45:23,298 INFO o.a.j.t.JMeterThread: Thread finished: Submit Checkout 1-6
2020-02-26 09:45:23,353 INFO o.a.j.t.JMeterThread: Stopping because end time detected by thread: Submit Checkout 1-7
2020-02-26 09:45:23,353 INFO o.a.j.t.JMeterThread: Thread finished: Submit Checkout 1-7
2020-02-26 09:45:23,403 INFO o.a.j.t.JMeterThread: Stopping because end time detected by thread: Submit Checkout 1-2
2020-02-26 09:45:23,404 INFO o.a.j.t.JMeterThread: Thread finished: Submit Checkout 1-2
2020-02-26 09:45:23,452 INFO o.a.j.t.JMeterThread: Stopping because end time detected by thread: Submit Checkout 1-8
2020-02-26 09:45:23,452 INFO o.a.j.t.JMeterThread: Thread finished: Submit Checkout 1-8
2020-02-26 09:45:23,479 INFO o.a.j.t.JMeterThread: Stopping because end time detected by thread: Submit Checkout 1-3
2020-02-26 09:45:23,479 INFO o.a.j.t.JMeterThread: Thread finished: Submit Checkout 1-3
2020-02-26 09:45:23,548 INFO o.a.j.t.JMeterThread: Stopping because end time detected by thread: Submit Checkout 1-5
2020-02-26 09:45:23,549 INFO o.a.j.t.JMeterThread: Thread finished: Submit Checkout 1-5
2020-02-26 09:45:23,567 INFO o.a.j.t.JMeterThread: Stopping because end time detected by thread: Submit Checkout 1-10
2020-02-26 09:45:23,568 INFO o.a.j.t.JMeterThread: Thread finished: Submit Checkout 1-10
2020-02-26 09:45:23,701 INFO o.a.j.t.JMeterThread: Stopping because end time detected by thread: Submit Checkout 1-4
2020-02-26 09:45:23,702 INFO o.a.j.t.JMeterThread: Thread finished: Submit Checkout 1-4
2020-02-26 09:45:23,702 INFO o.a.j.e.StandardJMeterEngine: Notifying test listeners of end of test
2020-02-26 09:45:23,703 INFO o.a.j.s.FileServer: Close: /Users/nrsjnet/Dev/Estudos/Intensivo Microservicos/Jmeter/dados.csv
2020-02-26 09:45:23,703 INFO o.a.j.s.FileServer: Close: /Users/nrsjnet/Dev/Estudos/Intensivo Microservicos/Jmeter/produtos.csv
2020-02-26 09:45:23,705 INFO o.a.j.g.u.JMeterMenuBar: setRunning(false, *local*)
